正在啟動AI Agent可用性評估工具...
訪問 http://localhost:5000 開始使用
 * Serving Flask app 'app'
 * Debug mode: on
正在啟動AI Agent可用性評估工具...
訪問 http://localhost:5000 開始使用
 * Serving Flask app 'app'
 * Debug mode: on
正在啟動AI Agent可用性評估工具...
訪問 http://localhost:5000 開始使用
 * Serving Flask app 'app'
 * Debug mode: on
正在啟動AI Agent可用性評估工具...
訪問 http://localhost:5000 開始使用
 * Serving Flask app 'app'
 * Debug mode: on
正在啟動AI Agent可用性評估工具...
訪問 http://localhost:5000 開始使用
正在啟動AI Agent可用性評估工具...
訪問 http://localhost:5000 開始使用
正在啟動AI Agent可用性評估工具...
訪問 http://localhost:5000 開始使用
Starting AI Agent Usability Evaluation Tool...
Visit http://localhost:5000 to begin
 * Serving Flask app 'app'
 * Debug mode: on
Starting AI Agent Usability Evaluation Tool...
Visit http://localhost:5000 to begin
Starting AI Agent Usability Evaluation Tool...
Visit http://localhost:5000 to begin
Starting AI Agent Usability Evaluation Tool...
Visit http://localhost:5000 to begin
Starting AI Agent Usability Evaluation Tool...
Visit http://localhost:5000 to begin
Starting AI Agent Usability Evaluation Tool...
Visit http://localhost:5000 to begin
Starting AI Agent Usability Evaluation Tool...
Visit http://localhost:5000 to begin
Starting AI Agent Usability Evaluation Tool...
Visit http://localhost:5000 to begin
Starting AI Agent Usability Evaluation Tool...
Visit http://localhost:5000 to begin
Starting AI Agent Usability Evaluation Tool...
Visit http://localhost:5000 to begin
Starting AI Agent Usability Evaluation Tool...
Visit http://localhost:5000 to begin
Starting AI Agent Usability Evaluation Tool...
Visit http://localhost:5000 to begin
 * Serving Flask app 'app'
 * Debug mode: on
Starting AI Agent Usability Evaluation Tool...
Visit http://localhost:5000 to begin
Starting AI Agent Usability Evaluation Tool...
Visit http://localhost:5000 to begin
Starting AI Agent Usability Evaluation Tool...
Visit http://localhost:5000 to begin
Starting AI Agent Usability Evaluation Tool...
Visit http://localhost:5000 to begin
Starting AI Agent Usability Evaluation Tool...
Visit http://localhost:5000 to begin
Starting AI Agent Usability Evaluation Tool...
Visit http://localhost:5000 to begin
Starting AI Agent Usability Evaluation Tool...
Visit http://localhost:5000 to begin
Starting AI Agent Usability Evaluation Tool...
Visit http://localhost:5000 to begin
Starting AI Agent Usability Evaluation Tool...
Visit http://localhost:5000 to begin
Starting AI Agent Usability Evaluation Tool...
Visit http://localhost:5000 to begin
Starting AI Agent Usability Evaluation Tool...
Visit http://localhost:5000 to begin
Starting AI Agent Usability Evaluation Tool...
Visit http://localhost:5000 to begin
Starting AI Agent Usability Evaluation Tool...
Visit http://localhost:5000 to begin
 * Serving Flask app 'app'
 * Debug mode: on
